<?xml version="1.0" encoding="UTF-8"?>
<testng-results ignored="0" total="1" passed="1" failed="0" skipped="0">
  <reporter-output>
  </reporter-output>
  <suite started-at="2020-05-11T02:32:10 IST" name="Default suite" finished-at="2020-05-11T02:32:22 IST" duration-ms="11877">
    <groups>
    </groups>
    <test started-at="2020-05-11T02:32:10 IST" name="Default test" finished-at="2020-05-11T02:32:22 IST" duration-ms="11877">
      <class name="pageObjectModel.testCases">
        <test-method signature="verifyLogin()[pri:0, instance:pageObjectModel.testCases@71b1176b]" started-at="2020-05-11T02:32:10 IST" name="verifyLogin" finished-at="2020-05-11T02:32:22 IST" duration-ms="11845" status="PASS">
          <reporter-output>
          </reporter-output>
        </test-method> <!-- verifyLogin -->
      </class> <!-- pageObjectModel.testCases -->
    </test> <!-- Default test -->
  </suite> <!-- Default suite -->
</testng-results>
